[debug] [2026-04-30T16:01:43.603Z] ----------------------------------------------------------------------
[debug] [2026-04-30T16:01:43.605Z] Command:       C:\Program Files\nodejs\node.exe C:\Users\khalil\AppData\Roaming\npm\node_modules\firebase-tools\lib\bin\firebase.js init
[debug] [2026-04-30T16:01:43.605Z] CLI Version:   15.16.0
[debug] [2026-04-30T16:01:43.605Z] Platform:      win32
[debug] [2026-04-30T16:01:43.605Z] Node Version:  v22.18.0
[debug] [2026-04-30T16:01:43.606Z] Time:          Thu Apr 30 2026 17:01:43 GMT+0100 (Central European Standard Time)
[debug] [2026-04-30T16:01:43.606Z] ----------------------------------------------------------------------
[debug] 
[info] 
     ######## #### ########  ######## ########     ###     ######  ########
     ##        ##  ##     ## ##       ##     ##  ##   ##  ##       ##
     ######    ##  ########  ######   ########  #########  ######  ######
     ##        ##  ##    ##  ##       ##     ## ##     ##       ## ##
     ##       #### ##     ## ######## ########  ##     ##  ######  ########

You're about to initialize a Firebase project in this directory:

  C:\Users\khalil\Desktop\khalil\project_react\stitch_modern_debarras_services_website

[info] 
=== Project Setup
[info] 
[info] First, let's associate this project directory with a Firebase project.
[info] You can create multiple project aliases by running firebase use --add, 
[info] 
[debug] [2026-04-30T16:01:53.317Z] > command requires scopes: ["email","openid","https://www.googleapis.com/auth/cloudplatformprojects.readonly","https://www.googleapis.com/auth/firebase","https://www.googleapis.com/auth/cloud-platform"]
[debug] [2026-04-30T16:01:53.317Z] > authorizing via signed-in user (kmejri020@gmail.com)
[debug] [2026-04-30T16:01:53.318Z] Checked if tokens are valid: true, expires at: 1777568494104
[debug] [2026-04-30T16:01:53.318Z] Checked if tokens are valid: true, expires at: 1777568494104
[debug] [2026-04-30T16:01:53.319Z] >>> [apiv2][query] GET https://firebase.googleapis.com/v1beta1/projects pageSize=100
[debug] [2026-04-30T16:01:54.442Z] <<< [apiv2][status] GET https://firebase.googleapis.com/v1beta1/projects 200
[debug] [2026-04-30T16:01:54.442Z] <<< [apiv2][body] GET https://firebase.googleapis.com/v1beta1/projects [omitted]
[info] 
=== Hosting Setup
[debug] [2026-04-30T16:01:59.386Z] Checked if tokens are valid: true, expires at: 1777568494104
[debug] [2026-04-30T16:01:59.386Z] Checked if tokens are valid: true, expires at: 1777568494104
[debug] [2026-04-30T16:01:59.386Z] >>> [apiv2][query] GET https://firebase.googleapis.com/v1beta1/projects/test-fc63b [none]
[debug] [2026-04-30T16:02:00.230Z] <<< [apiv2][status] GET https://firebase.googleapis.com/v1beta1/projects/test-fc63b 200
[debug] [2026-04-30T16:02:00.230Z] <<< [apiv2][body] GET https://firebase.googleapis.com/v1beta1/projects/test-fc63b {"projectId":"test-fc63b","projectNumber":"332085723512","displayName":"test","name":"projects/test-fc63b","resources":{"hostingSite":"test-fc63b"},"state":"ACTIVE","etag":"1_61c27b33-48af-4ecf-9d7d-71d0d9b50540"}
[info] 
[info] Your public directory is the folder (relative to your project directory) that
[info] will contain Hosting assets to be uploaded with firebase deploy. If you
[info] have a build process for your assets, use your build's output directory.
[info] 
[debug] [2026-04-30T16:02:02.870Z] ExitPromptError: User force closed the prompt with SIGINT
    at Interface.sigint (C:\Users\khalil\AppData\Roaming\npm\node_modules\firebase-tools\node_modules\@inquirer\core\dist\commonjs\lib\create-prompt.js:101:37)
    at Interface.emit (node:events:518:28)
    at [_ttyWrite] [as _ttyWrite] (node:internal/readline/interface:1132:18)
    at ReadStream.onkeypress (node:internal/readline/interface:271:20)
    at ReadStream.emit (node:events:530:35)
    at emitKeys (node:internal/readline/utils:370:14)
    at emitKeys.next (<anonymous>)
    at ReadStream.onData (node:internal/readline/emitKeypressEvents:64:36)
    at ReadStream.emit (node:events:518:28)
    at addChunk (node:internal/streams/readable:561:12)
[error] 
[error] Error: An unexpected error has occurred.
